d:\skola unob\c++\františ\winappi\01 ahra bitmap\2020_bitmaphratemplate\2017_bitmaphratemplate\debug\2017_bitmaphratemplate.pch
d:\skola unob\c++\františ\winappi\01 ahra bitmap\2020_bitmaphratemplate\2017_bitmaphratemplate\debug\vc142.pdb
d:\skola unob\c++\františ\winappi\01 ahra bitmap\2020_bitmaphratemplate\2017_bitmaphratemplate\debug\vc142.idb
d:\skola unob\c++\františ\winappi\01 ahra bitmap\2020_bitmaphratemplate\2017_bitmaphratemplate\debug\stdafx.obj
d:\skola unob\c++\františ\winappi\01 ahra bitmap\2020_bitmaphratemplate\2017_bitmaphratemplate\debug\2017_bitmaphratemplate.obj
d:\skola unob\c++\františ\winappi\01 ahra bitmap\2020_bitmaphratemplate\2017_bitmaphratemplate\debug\backbuffer.obj
d:\skola unob\c++\františ\winappi\01 ahra bitmap\2020_bitmaphratemplate\2017_bitmaphratemplate\debug\bitmapa.obj
d:\skola unob\c++\františ\winappi\01 ahra bitmap\2020_bitmaphratemplate\2017_bitmaphratemplate\debug\cfgfile.obj
d:\skola unob\c++\františ\winappi\01 ahra bitmap\2020_bitmaphratemplate\2017_bitmaphratemplate\debug\drak.obj
d:\skola unob\c++\františ\winappi\01 ahra bitmap\2020_bitmaphratemplate\2017_bitmaphratemplate\debug\lenka.obj
d:\skola unob\c++\františ\winappi\01 ahra bitmap\2020_bitmaphratemplate\2017_bitmaphratemplate\debug\scene.obj
d:\skola unob\c++\františ\winappi\01 ahra bitmap\2020_bitmaphratemplate\2017_bitmaphratemplate\debug\pozadi.obj
d:\skola unob\c++\františ\winappi\01 ahra bitmap\2020_bitmaphratemplate\2017_bitmaphratemplate\debug\pozice.obj
d:\skola unob\c++\františ\winappi\01 ahra bitmap\2020_bitmaphratemplate\2017_bitmaphratemplate\debug\mapa.obj
d:\skola unob\c++\františ\winappi\01 ahra bitmap\2020_bitmaphratemplate\2017_bitmaphratemplate\debug\kolize.obj
d:\skola unob\c++\františ\winappi\01 ahra bitmap\2020_bitmaphratemplate\2017_bitmaphratemplate\debug\score.obj
d:\skola unob\c++\františ\winappi\01 ahra bitmap\2020_bitmaphratemplate\2017_bitmaphratemplate\debug\strela.obj
d:\skola unob\c++\františ\winappi\01 ahra bitmap\2020_bitmaphratemplate\debug\2017_bitmaphratemplate.exe
d:\skola unob\c++\františ\winappi\01 ahra bitmap\2020_bitmaphratemplate\debug\2017_bitmaphratemplate.ilk
d:\skola unob\c++\františ\winappi\01 ahra bitmap\2020_bitmaphratemplate\debug\2017_bitmaphratemplate.pdb
d:\skola unob\c++\františ\winappi\01 ahra bitmap\2020_bitmaphratemplate\2017_bitmaphratemplate\debug\2017_bitmaphratemplate.res
d:\skola unob\c++\františ\winappi\01 ahra bitmap\2020_bitmaphratemplate\2017_bitmaphratemplate\debug\2017_bit.850b3190.tlog\cl.command.1.tlog
d:\skola unob\c++\františ\winappi\01 ahra bitmap\2020_bitmaphratemplate\2017_bitmaphratemplate\debug\2017_bit.850b3190.tlog\cl.read.1.tlog
d:\skola unob\c++\františ\winappi\01 ahra bitmap\2020_bitmaphratemplate\2017_bitmaphratemplate\debug\2017_bit.850b3190.tlog\cl.write.1.tlog
d:\skola unob\c++\františ\winappi\01 ahra bitmap\2020_bitmaphratemplate\2017_bitmaphratemplate\debug\2017_bit.850b3190.tlog\link.11704.delete.1.tlog
d:\skola unob\c++\františ\winappi\01 ahra bitmap\2020_bitmaphratemplate\2017_bitmaphratemplate\debug\2017_bit.850b3190.tlog\link.12128.delete.1.tlog
d:\skola unob\c++\františ\winappi\01 ahra bitmap\2020_bitmaphratemplate\2017_bitmaphratemplate\debug\2017_bit.850b3190.tlog\link.12444.delete.1.tlog
d:\skola unob\c++\františ\winappi\01 ahra bitmap\2020_bitmaphratemplate\2017_bitmaphratemplate\debug\2017_bit.850b3190.tlog\link.16048.delete.1.tlog
d:\skola unob\c++\františ\winappi\01 ahra bitmap\2020_bitmaphratemplate\2017_bitmaphratemplate\debug\2017_bit.850b3190.tlog\link.16428.delete.1.tlog
d:\skola unob\c++\františ\winappi\01 ahra bitmap\2020_bitmaphratemplate\2017_bitmaphratemplate\debug\2017_bit.850b3190.tlog\link.17336.delete.1.tlog
d:\skola unob\c++\františ\winappi\01 ahra bitmap\2020_bitmaphratemplate\2017_bitmaphratemplate\debug\2017_bit.850b3190.tlog\link.17560.delete.1.tlog
d:\skola unob\c++\františ\winappi\01 ahra bitmap\2020_bitmaphratemplate\2017_bitmaphratemplate\debug\2017_bit.850b3190.tlog\link.17624.delete.1.tlog
d:\skola unob\c++\františ\winappi\01 ahra bitmap\2020_bitmaphratemplate\2017_bitmaphratemplate\debug\2017_bit.850b3190.tlog\link.17892.delete.1.tlog
d:\skola unob\c++\františ\winappi\01 ahra bitmap\2020_bitmaphratemplate\2017_bitmaphratemplate\debug\2017_bit.850b3190.tlog\link.18080.delete.1.tlog
d:\skola unob\c++\františ\winappi\01 ahra bitmap\2020_bitmaphratemplate\2017_bitmaphratemplate\debug\2017_bit.850b3190.tlog\link.20140.delete.1.tlog
d:\skola unob\c++\františ\winappi\01 ahra bitmap\2020_bitmaphratemplate\2017_bitmaphratemplate\debug\2017_bit.850b3190.tlog\link.20524.delete.1.tlog
d:\skola unob\c++\františ\winappi\01 ahra bitmap\2020_bitmaphratemplate\2017_bitmaphratemplate\debug\2017_bit.850b3190.tlog\link.20596.delete.1.tlog
d:\skola unob\c++\františ\winappi\01 ahra bitmap\2020_bitmaphratemplate\2017_bitmaphratemplate\debug\2017_bit.850b3190.tlog\link.2084.delete.1.tlog
d:\skola unob\c++\františ\winappi\01 ahra bitmap\2020_bitmaphratemplate\2017_bitmaphratemplate\debug\2017_bit.850b3190.tlog\link.20976.delete.1.tlog
d:\skola unob\c++\františ\winappi\01 ahra bitmap\2020_bitmaphratemplate\2017_bitmaphratemplate\debug\2017_bit.850b3190.tlog\link.22612.delete.1.tlog
d:\skola unob\c++\františ\winappi\01 ahra bitmap\2020_bitmaphratemplate\2017_bitmaphratemplate\debug\2017_bit.850b3190.tlog\link.22628.delete.1.tlog
d:\skola unob\c++\františ\winappi\01 ahra bitmap\2020_bitmaphratemplate\2017_bitmaphratemplate\debug\2017_bit.850b3190.tlog\link.2340.delete.1.tlog
d:\skola unob\c++\františ\winappi\01 ahra bitmap\2020_bitmaphratemplate\2017_bitmaphratemplate\debug\2017_bit.850b3190.tlog\link.24408.delete.1.tlog
d:\skola unob\c++\františ\winappi\01 ahra bitmap\2020_bitmaphratemplate\2017_bitmaphratemplate\debug\2017_bit.850b3190.tlog\link.24848.delete.1.tlog
d:\skola unob\c++\františ\winappi\01 ahra bitmap\2020_bitmaphratemplate\2017_bitmaphratemplate\debug\2017_bit.850b3190.tlog\link.26576.delete.1.tlog
d:\skola unob\c++\františ\winappi\01 ahra bitmap\2020_bitmaphratemplate\2017_bitmaphratemplate\debug\2017_bit.850b3190.tlog\link.2976.delete.1.tlog
d:\skola unob\c++\františ\winappi\01 ahra bitmap\2020_bitmaphratemplate\2017_bitmaphratemplate\debug\2017_bit.850b3190.tlog\link.42184.delete.1.tlog
d:\skola unob\c++\františ\winappi\01 ahra bitmap\2020_bitmaphratemplate\2017_bitmaphratemplate\debug\2017_bit.850b3190.tlog\link.4972.delete.1.tlog
d:\skola unob\c++\františ\winappi\01 ahra bitmap\2020_bitmaphratemplate\2017_bitmaphratemplate\debug\2017_bit.850b3190.tlog\link.66504.delete.1.tlog
d:\skola unob\c++\františ\winappi\01 ahra bitmap\2020_bitmaphratemplate\2017_bitmaphratemplate\debug\2017_bit.850b3190.tlog\link.67408.delete.1.tlog
d:\skola unob\c++\františ\winappi\01 ahra bitmap\2020_bitmaphratemplate\2017_bitmaphratemplate\debug\2017_bit.850b3190.tlog\link.67520.delete.1.tlog
d:\skola unob\c++\františ\winappi\01 ahra bitmap\2020_bitmaphratemplate\2017_bitmaphratemplate\debug\2017_bit.850b3190.tlog\link.70308.delete.1.tlog
d:\skola unob\c++\františ\winappi\01 ahra bitmap\2020_bitmaphratemplate\2017_bitmaphratemplate\debug\2017_bit.850b3190.tlog\link.73740.delete.1.tlog
d:\skola unob\c++\františ\winappi\01 ahra bitmap\2020_bitmaphratemplate\2017_bitmaphratemplate\debug\2017_bit.850b3190.tlog\link.90152.delete.1.tlog
d:\skola unob\c++\františ\winappi\01 ahra bitmap\2020_bitmaphratemplate\2017_bitmaphratemplate\debug\2017_bit.850b3190.tlog\link.9136.delete.1.tlog
d:\skola unob\c++\františ\winappi\01 ahra bitmap\2020_bitmaphratemplate\2017_bitmaphratemplate\debug\2017_bit.850b3190.tlog\link.91844.delete.1.tlog
d:\skola unob\c++\františ\winappi\01 ahra bitmap\2020_bitmaphratemplate\2017_bitmaphratemplate\debug\2017_bit.850b3190.tlog\link.96208.delete.1.tlog
d:\skola unob\c++\františ\winappi\01 ahra bitmap\2020_bitmaphratemplate\2017_bitmaphratemplate\debug\2017_bit.850b3190.tlog\link.command.1.tlog
d:\skola unob\c++\františ\winappi\01 ahra bitmap\2020_bitmaphratemplate\2017_bitmaphratemplate\debug\2017_bit.850b3190.tlog\link.read.1.tlog
d:\skola unob\c++\františ\winappi\01 ahra bitmap\2020_bitmaphratemplate\2017_bitmaphratemplate\debug\2017_bit.850b3190.tlog\link.write.1.tlog
d:\skola unob\c++\františ\winappi\01 ahra bitmap\2020_bitmaphratemplate\2017_bitmaphratemplate\debug\2017_bit.850b3190.tlog\rc.command.1.tlog
d:\skola unob\c++\františ\winappi\01 ahra bitmap\2020_bitmaphratemplate\2017_bitmaphratemplate\debug\2017_bit.850b3190.tlog\rc.read.1.tlog
d:\skola unob\c++\františ\winappi\01 ahra bitmap\2020_bitmaphratemplate\2017_bitmaphratemplate\debug\2017_bit.850b3190.tlog\rc.write.1.tlog
